e:\github\personal\tencent_im\tencentim\hhim\win32\release\hhim.obj
e:\github\personal\tencent_im\tencentim\hhim\win32\release\callback.obj
e:\github\personal\tencent_im\tencentim\hhim\win32\release\moc_hhim.obj
e:\github\personal\tencent_im\tencentim\hhim\release\moc_predefs.h
e:\github\personal\tencent_im\tencentim\hhim\generatedfiles\release\moc_hhim.cpp
e:\github\personal\tencent_im\tencentim\hhim\libs\libs\release\hhim.lib
e:\github\personal\tencent_im\tencentim\hhim\libs\libs\release\hhim.exp
e:\github\personal\tencent_im\tencentim\hhim\libs\libs\release\hhim.dll
e:\github\personal\tencent_im\tencentim\hhim\.\generatedfiles\release\moc_hhim.cpp
e:\github\personal\tencent_im\tencentim\hhim\win32\release\hhim.tlog\cl.command.1.tlog
e:\github\personal\tencent_im\tencentim\hhim\win32\release\hhim.tlog\cl.read.1.tlog
e:\github\personal\tencent_im\tencentim\hhim\win32\release\hhim.tlog\cl.write.1.tlog
e:\github\personal\tencent_im\tencentim\hhim\win32\release\hhim.tlog\custombuild.command.1.tlog
e:\github\personal\tencent_im\tencentim\hhim\win32\release\hhim.tlog\custombuild.read.1.tlog
e:\github\personal\tencent_im\tencentim\hhim\win32\release\hhim.tlog\custombuild.write.1.tlog
e:\github\personal\tencent_im\tencentim\hhim\win32\release\hhim.tlog\hhim.write.1u.tlog
e:\github\personal\tencent_im\tencentim\hhim\win32\release\hhim.tlog\link.command.1.tlog
e:\github\personal\tencent_im\tencentim\hhim\win32\release\hhim.tlog\link.read.1.tlog
e:\github\personal\tencent_im\tencentim\hhim\win32\release\hhim.tlog\link.write.1.tlog
e:\github\personal\tencent_im\tencentim\hhim\win32\release\hhim.tlog\qtmoc.read.1u.tlog
e:\github\personal\tencent_im\tencentim\hhim\win32\release\hhim.tlog\qtmoc.write.1u.tlog
